#! /usr/bin/vvp
:ivl_version "11.0 (stable)";
:ivl_delay_selection "TYPICAL";
:vpi_time_precision + 0;
:vpi_module "/usr/lib/x86_64-linux-gnu/ivl/system.vpi";
:vpi_module "/usr/lib/x86_64-linux-gnu/ivl/vhdl_sys.vpi";
:vpi_module "/usr/lib/x86_64-linux-gnu/ivl/vhdl_textio.vpi";
:vpi_module "/usr/lib/x86_64-linux-gnu/ivl/v2005_math.vpi";
:vpi_module "/usr/lib/x86_64-linux-gnu/ivl/va_math.vpi";
S_0x55b5d14bcdf0 .scope module, "decoder_3to8_beh" "decoder_3to8_beh" 2 1;
 .timescale 0 0;
    .port_info 0 /INPUT 3 "I";
    .port_info 1 /OUTPUT 8 "O";
o0x7f6936dd1018 .functor BUFZ 3, C4<zzz>; HiZ drive
v0x55b5d14be7b0_0 .net "I", 2 0, o0x7f6936dd1018;  0 drivers
v0x55b5d14beba0_0 .var "O", 7 0;
E_0x55b5d14bd8a0 .event edge, v0x55b5d14be7b0_0;
    .scope S_0x55b5d14bcdf0;
T_0 ;
    %wait E_0x55b5d14bd8a0;
    %load/vec4 v0x55b5d14be7b0_0;
    %dup/vec4;
    %pushi/vec4 0, 0, 3;
    %cmp/u;
    %jmp/1 T_0.0, 6;
    %dup/vec4;
    %pushi/vec4 1, 0, 3;
    %cmp/u;
    %jmp/1 T_0.1, 6;
    %dup/vec4;
    %pushi/vec4 2, 0, 3;
    %cmp/u;
    %jmp/1 T_0.2, 6;
    %dup/vec4;
    %pushi/vec4 3, 0, 3;
    %cmp/u;
    %jmp/1 T_0.3, 6;
    %dup/vec4;
    %pushi/vec4 4, 0, 3;
    %cmp/u;
    %jmp/1 T_0.4, 6;
    %dup/vec4;
    %pushi/vec4 5, 0, 3;
    %cmp/u;
    %jmp/1 T_0.5, 6;
    %dup/vec4;
    %pushi/vec4 6, 0, 3;
    %cmp/u;
    %jmp/1 T_0.6, 6;
    %dup/vec4;
    %pushi/vec4 7, 0, 3;
    %cmp/u;
    %jmp/1 T_0.7, 6;
    %jmp T_0.8;
T_0.0 ;
    %pushi/vec4 128, 0, 8;
    %split/vec4 1;
    %ix/load 4, 7, 0;
    %flag_set/imm 4, 0;
    %store/vec4 v0x55b5d14beba0_0, 4, 1;
    %split/vec4 1;
    %ix/load 4, 6, 0;
    %flag_set/imm 4, 0;
    %store/vec4 v0x55b5d14beba0_0, 4, 1;
    %split/vec4 1;
    %ix/load 4, 5, 0;
    %flag_set/imm 4, 0;
    %store/vec4 v0x55b5d14beba0_0, 4, 1;
    %split/vec4 1;
    %ix/load 4, 4, 0;
    %flag_set/imm 4, 0;
    %store/vec4 v0x55b5d14beba0_0, 4, 1;
    %split/vec4 1;
    %ix/load 4, 3, 0;
    %flag_set/imm 4, 0;
    %store/vec4 v0x55b5d14beba0_0, 4, 1;
    %split/vec4 1;
    %ix/load 4, 2, 0;
    %flag_set/imm 4, 0;
    %store/vec4 v0x55b5d14beba0_0, 4, 1;
    %split/vec4 1;
    %ix/load 4, 1, 0;
    %flag_set/imm 4, 0;
    %store/vec4 v0x55b5d14beba0_0, 4, 1;
    %ix/load 4, 0, 0;
    %flag_set/imm 4, 0;
    %store/vec4 v0x55b5d14beba0_0, 4, 1;
    %jmp T_0.8;
T_0.1 ;
    %pushi/vec4 64, 0, 8;
    %split/vec4 1;
    %ix/load 4, 7, 0;
    %flag_set/imm 4, 0;
    %store/vec4 v0x55b5d14beba0_0, 4, 1;
    %split/vec4 1;
    %ix/load 4, 6, 0;
    %flag_set/imm 4, 0;
    %store/vec4 v0x55b5d14beba0_0, 4, 1;
    %split/vec4 1;
    %ix/load 4, 5, 0;
    %flag_set/imm 4, 0;
    %store/vec4 v0x55b5d14beba0_0, 4, 1;
    %split/vec4 1;
    %ix/load 4, 4, 0;
    %flag_set/imm 4, 0;
    %store/vec4 v0x55b5d14beba0_0, 4, 1;
    %split/vec4 1;
    %ix/load 4, 3, 0;
    %flag_set/imm 4, 0;
    %store/vec4 v0x55b5d14beba0_0, 4, 1;
    %split/vec4 1;
    %ix/load 4, 2, 0;
    %flag_set/imm 4, 0;
    %store/vec4 v0x55b5d14beba0_0, 4, 1;
    %split/vec4 1;
    %ix/load 4, 1, 0;
    %flag_set/imm 4, 0;
    %store/vec4 v0x55b5d14beba0_0, 4, 1;
    %ix/load 4, 0, 0;
    %flag_set/imm 4, 0;
    %store/vec4 v0x55b5d14beba0_0, 4, 1;
    %jmp T_0.8;
T_0.2 ;
    %pushi/vec4 32, 0, 8;
    %split/vec4 1;
    %ix/load 4, 7, 0;
    %flag_set/imm 4, 0;
    %store/vec4 v0x55b5d14beba0_0, 4, 1;
    %split/vec4 1;
    %ix/load 4, 6, 0;
    %flag_set/imm 4, 0;
    %store/vec4 v0x55b5d14beba0_0, 4, 1;
    %split/vec4 1;
    %ix/load 4, 5, 0;
    %flag_set/imm 4, 0;
    %store/vec4 v0x55b5d14beba0_0, 4, 1;
    %split/vec4 1;
    %ix/load 4, 4, 0;
    %flag_set/imm 4, 0;
    %store/vec4 v0x55b5d14beba0_0, 4, 1;
    %split/vec4 1;
    %ix/load 4, 3, 0;
    %flag_set/imm 4, 0;
    %store/vec4 v0x55b5d14beba0_0, 4, 1;
    %split/vec4 1;
    %ix/load 4, 2, 0;
    %flag_set/imm 4, 0;
    %store/vec4 v0x55b5d14beba0_0, 4, 1;
    %split/vec4 1;
    %ix/load 4, 1, 0;
    %flag_set/imm 4, 0;
    %store/vec4 v0x55b5d14beba0_0, 4, 1;
    %ix/load 4, 0, 0;
    %flag_set/imm 4, 0;
    %store/vec4 v0x55b5d14beba0_0, 4, 1;
    %jmp T_0.8;
T_0.3 ;
    %pushi/vec4 16, 0, 8;
    %split/vec4 1;
    %ix/load 4, 7, 0;
    %flag_set/imm 4, 0;
    %store/vec4 v0x55b5d14beba0_0, 4, 1;
    %split/vec4 1;
    %ix/load 4, 6, 0;
    %flag_set/imm 4, 0;
    %store/vec4 v0x55b5d14beba0_0, 4, 1;
    %split/vec4 1;
    %ix/load 4, 5, 0;
    %flag_set/imm 4, 0;
    %store/vec4 v0x55b5d14beba0_0, 4, 1;
    %split/vec4 1;
    %ix/load 4, 4, 0;
    %flag_set/imm 4, 0;
    %store/vec4 v0x55b5d14beba0_0, 4, 1;
    %split/vec4 1;
    %ix/load 4, 3, 0;
    %flag_set/imm 4, 0;
    %store/vec4 v0x55b5d14beba0_0, 4, 1;
    %split/vec4 1;
    %ix/load 4, 2, 0;
    %flag_set/imm 4, 0;
    %store/vec4 v0x55b5d14beba0_0, 4, 1;
    %split/vec4 1;
    %ix/load 4, 1, 0;
    %flag_set/imm 4, 0;
    %store/vec4 v0x55b5d14beba0_0, 4, 1;
    %ix/load 4, 0, 0;
    %flag_set/imm 4, 0;
    %store/vec4 v0x55b5d14beba0_0, 4, 1;
    %jmp T_0.8;
T_0.4 ;
    %pushi/vec4 8, 0, 8;
    %split/vec4 1;
    %ix/load 4, 7, 0;
    %flag_set/imm 4, 0;
    %store/vec4 v0x55b5d14beba0_0, 4, 1;
    %split/vec4 1;
    %ix/load 4, 6, 0;
    %flag_set/imm 4, 0;
    %store/vec4 v0x55b5d14beba0_0, 4, 1;
    %split/vec4 1;
    %ix/load 4, 5, 0;
    %flag_set/imm 4, 0;
    %store/vec4 v0x55b5d14beba0_0, 4, 1;
    %split/vec4 1;
    %ix/load 4, 4, 0;
    %flag_set/imm 4, 0;
    %store/vec4 v0x55b5d14beba0_0, 4, 1;
    %split/vec4 1;
    %ix/load 4, 3, 0;
    %flag_set/imm 4, 0;
    %store/vec4 v0x55b5d14beba0_0, 4, 1;
    %split/vec4 1;
    %ix/load 4, 2, 0;
    %flag_set/imm 4, 0;
    %store/vec4 v0x55b5d14beba0_0, 4, 1;
    %split/vec4 1;
    %ix/load 4, 1, 0;
    %flag_set/imm 4, 0;
    %store/vec4 v0x55b5d14beba0_0, 4, 1;
    %ix/load 4, 0, 0;
    %flag_set/imm 4, 0;
    %store/vec4 v0x55b5d14beba0_0, 4, 1;
    %jmp T_0.8;
T_0.5 ;
    %pushi/vec4 4, 0, 8;
    %split/vec4 1;
    %ix/load 4, 7, 0;
    %flag_set/imm 4, 0;
    %store/vec4 v0x55b5d14beba0_0, 4, 1;
    %split/vec4 1;
    %ix/load 4, 6, 0;
    %flag_set/imm 4, 0;
    %store/vec4 v0x55b5d14beba0_0, 4, 1;
    %split/vec4 1;
    %ix/load 4, 5, 0;
    %flag_set/imm 4, 0;
    %store/vec4 v0x55b5d14beba0_0, 4, 1;
    %split/vec4 1;
    %ix/load 4, 4, 0;
    %flag_set/imm 4, 0;
    %store/vec4 v0x55b5d14beba0_0, 4, 1;
    %split/vec4 1;
    %ix/load 4, 3, 0;
    %flag_set/imm 4, 0;
    %store/vec4 v0x55b5d14beba0_0, 4, 1;
    %split/vec4 1;
    %ix/load 4, 2, 0;
    %flag_set/imm 4, 0;
    %store/vec4 v0x55b5d14beba0_0, 4, 1;
    %split/vec4 1;
    %ix/load 4, 1, 0;
    %flag_set/imm 4, 0;
    %store/vec4 v0x55b5d14beba0_0, 4, 1;
    %ix/load 4, 0, 0;
    %flag_set/imm 4, 0;
    %store/vec4 v0x55b5d14beba0_0, 4, 1;
    %jmp T_0.8;
T_0.6 ;
    %pushi/vec4 2, 0, 8;
    %split/vec4 1;
    %ix/load 4, 7, 0;
    %flag_set/imm 4, 0;
    %store/vec4 v0x55b5d14beba0_0, 4, 1;
    %split/vec4 1;
    %ix/load 4, 6, 0;
    %flag_set/imm 4, 0;
    %store/vec4 v0x55b5d14beba0_0, 4, 1;
    %split/vec4 1;
    %ix/load 4, 5, 0;
    %flag_set/imm 4, 0;
    %store/vec4 v0x55b5d14beba0_0, 4, 1;
    %split/vec4 1;
    %ix/load 4, 4, 0;
    %flag_set/imm 4, 0;
    %store/vec4 v0x55b5d14beba0_0, 4, 1;
    %split/vec4 1;
    %ix/load 4, 3, 0;
    %flag_set/imm 4, 0;
    %store/vec4 v0x55b5d14beba0_0, 4, 1;
    %split/vec4 1;
    %ix/load 4, 2, 0;
    %flag_set/imm 4, 0;
    %store/vec4 v0x55b5d14beba0_0, 4, 1;
    %split/vec4 1;
    %ix/load 4, 1, 0;
    %flag_set/imm 4, 0;
    %store/vec4 v0x55b5d14beba0_0, 4, 1;
    %ix/load 4, 0, 0;
    %flag_set/imm 4, 0;
    %store/vec4 v0x55b5d14beba0_0, 4, 1;
    %jmp T_0.8;
T_0.7 ;
    %pushi/vec4 1, 0, 8;
    %split/vec4 1;
    %ix/load 4, 7, 0;
    %flag_set/imm 4, 0;
    %store/vec4 v0x55b5d14beba0_0, 4, 1;
    %split/vec4 1;
    %ix/load 4, 6, 0;
    %flag_set/imm 4, 0;
    %store/vec4 v0x55b5d14beba0_0, 4, 1;
    %split/vec4 1;
    %ix/load 4, 5, 0;
    %flag_set/imm 4, 0;
    %store/vec4 v0x55b5d14beba0_0, 4, 1;
    %split/vec4 1;
    %ix/load 4, 4, 0;
    %flag_set/imm 4, 0;
    %store/vec4 v0x55b5d14beba0_0, 4, 1;
    %split/vec4 1;
    %ix/load 4, 3, 0;
    %flag_set/imm 4, 0;
    %store/vec4 v0x55b5d14beba0_0, 4, 1;
    %split/vec4 1;
    %ix/load 4, 2, 0;
    %flag_set/imm 4, 0;
    %store/vec4 v0x55b5d14beba0_0, 4, 1;
    %split/vec4 1;
    %ix/load 4, 1, 0;
    %flag_set/imm 4, 0;
    %store/vec4 v0x55b5d14beba0_0, 4, 1;
    %ix/load 4, 0, 0;
    %flag_set/imm 4, 0;
    %store/vec4 v0x55b5d14beba0_0, 4, 1;
    %jmp T_0.8;
T_0.8 ;
    %pop/vec4 1;
    %jmp T_0;
    .thread T_0, $push;
# The file index is used to find the file name in the following table.
:file_names 3;
    "N/A";
    "<interactive>";
    "decoder_3to8_beh.v";
