#! /usr/bin/vvp
:ivl_version "11.0 (stable)";
:ivl_delay_selection "TYPICAL";
:vpi_time_precision + 0;
:vpi_module "/usr/lib/x86_64-linux-gnu/ivl/system.vpi";
:vpi_module "/usr/lib/x86_64-linux-gnu/ivl/vhdl_sys.vpi";
:vpi_module "/usr/lib/x86_64-linux-gnu/ivl/vhdl_textio.vpi";
:vpi_module "/usr/lib/x86_64-linux-gnu/ivl/v2005_math.vpi";
:vpi_module "/usr/lib/x86_64-linux-gnu/ivl/va_math.vpi";
S_0x560fd5f21c30 .scope module, "andg_tb" "andg_tb" 2 1;
 .timescale 0 0;
v0x560fd5f34e80_0 .var "A", 0 0;
v0x560fd5f34f50_0 .var "B", 0 0;
v0x560fd5f35020_0 .net "Y", 0 0, L_0x560fd5f35120;  1 drivers
E_0x560fd5ee95e0 .event edge, v0x560fd5f34d60_0;
S_0x560fd5f21dc0 .scope module, "and_gate" "andg" 2 4, 3 1 0, S_0x560fd5f21c30;
 .timescale 0 0;
    .port_info 0 /INPUT 1 "A";
    .port_info 1 /INPUT 1 "B";
    .port_info 2 /OUTPUT 1 "Y";
L_0x560fd5f35120 .functor AND 1, v0x560fd5f34e80_0, v0x560fd5f34f50_0, C4<1>, C4<1>;
v0x560fd5ee8cf0_0 .net "A", 0 0, v0x560fd5f34e80_0;  1 drivers
v0x560fd5f34ca0_0 .net "B", 0 0, v0x560fd5f34f50_0;  1 drivers
v0x560fd5f34d60_0 .net "Y", 0 0, L_0x560fd5f35120;  alias, 1 drivers
    .scope S_0x560fd5f21c30;
T_0 ;
    %vpi_call 2 6 "$dumpfile", "andg.vcd" {0 0 0};
    %vpi_call 2 7 "$dumpvars", 32'sb00000000000000000000000000000001, S_0x560fd5f21c30 {0 0 0};
    %end;
    .thread T_0;
    .scope S_0x560fd5f21c30;
T_1 ;
    %pushi/vec4 0, 0, 1;
    %store/vec4 v0x560fd5f34e80_0, 0, 1;
    %pushi/vec4 0, 0, 1;
    %store/vec4 v0x560fd5f34f50_0, 0, 1;
    %delay 2, 0;
    %pushi/vec4 0, 0, 1;
    %store/vec4 v0x560fd5f34e80_0, 0, 1;
    %pushi/vec4 1, 0, 1;
    %store/vec4 v0x560fd5f34f50_0, 0, 1;
    %delay 2, 0;
    %pushi/vec4 1, 0, 1;
    %store/vec4 v0x560fd5f34e80_0, 0, 1;
    %pushi/vec4 0, 0, 1;
    %store/vec4 v0x560fd5f34f50_0, 0, 1;
    %delay 2, 0;
    %pushi/vec4 1, 0, 1;
    %store/vec4 v0x560fd5f34e80_0, 0, 1;
    %pushi/vec4 1, 0, 1;
    %store/vec4 v0x560fd5f34f50_0, 0, 1;
    %delay 2, 0;
    %vpi_call 2 14 "$finish" {0 0 0};
    %end;
    .thread T_1;
    .scope S_0x560fd5f21c30;
T_2 ;
    %wait E_0x560fd5ee95e0;
    %vpi_call 2 17 "$display", "Time = %0t \011 INPUT VALUES: \011 A = %b \011 B = %b \011 OUTPUT VALUE: \011 Y = %b", $time, v0x560fd5f34e80_0, v0x560fd5f34f50_0, v0x560fd5f35020_0 {0 0 0};
    %jmp T_2;
    .thread T_2, $push;
# The file index is used to find the file name in the following table.
:file_names 4;
    "N/A";
    "<interactive>";
    "andg_tb.v";
    "andg.v";
